<?xml version="1.0" encoding="UTF-8"?>
<testng-results total="2" passed="2" failed="0" skipped="0">
  <reporter-output>
  </reporter-output>
  <suite started-at="2023-11-10T02:16:16Z" name="Surefire suite" finished-at="2023-11-10T02:17:52Z" duration-ms="96569">
    <groups>
    </groups>
    <test started-at="2023-11-10T02:16:16Z" name="Surefire test" finished-at="2023-11-10T02:17:52Z" duration-ms="96569">
      <class name="mmt.mmtproject">
        <test-method is-config="true" signature="open()[pri:0, instance:mmt.mmtproject@70beb599]" started-at="2023-11-10T07:46:16Z" name="open" finished-at="2023-11-10T07:46:28Z" duration-ms="12396" status="PASS">
          <reporter-output>
          </reporter-output>
        </test-method> <!-- open -->
        <test-method signature="holidaypack()[pri:0, instance:mmt.mmtproject@70beb599]" started-at="2023-11-10T07:46:28Z" name="holidaypack" finished-at="2023-11-10T07:46:48Z" duration-ms="19435" status="PASS">
          <reporter-output>
          </reporter-output>
        </test-method> <!-- holidaypack -->
        <test-method signature="selecthotel()[pri:0, instance:mmt.mmtproject@70beb599]" started-at="2023-11-10T07:46:48Z" name="selecthotel" finished-at="2023-11-10T07:47:52Z" duration-ms="64720" status="PASS">
          <reporter-output>
          </reporter-output>
        </test-method> <!-- selecthotel -->
      </class> <!-- mmt.mmtproject -->
    </test> <!-- Surefire test -->
  </suite> <!-- Surefire suite -->
</testng-results>
